Using pre-set license
Built from '2020.3/release' branch; Version is '2020.3.1f1 (77a89f25062f) revision 7841951'; Using compiler version '192528614'; Build Type 'Release'
OS: 'Windows 10 Pro; OS build 19044.1645; Version 2009; 64bit' Language: 'ko' Physical Memory: 8063 MB
BatchMode: 1, IsHumanControllingUs: 0, StartBugReporterOnCrash: 0, Is64bit: 1, IsPro: 0

 COMMAND LINE ARGUMENTS:
C:\Program Files\Unity\Hub\Editor\2020.3.1f1\Editor\Unity.exe
-adb2
-batchMode
-noUpm
-name
AssetImportWorker0
-projectPath
C:/Users/user/Documents/GitHub/BambooForest/bamboo forest
-logFile
Logs/AssetImportWorker0.log
-srvPort
57044
Successfully changed project path to: C:/Users/user/Documents/GitHub/BambooForest/bamboo forest
C:/Users/user/Documents/GitHub/BambooForest/bamboo forest
Using Asset Import Pipeline V2.
Refreshing native plugins compatible for Editor in 30.43 ms, found 1 plugins.
Preloading 0 native plugins for Editor in 0.00 ms.
Initialize engine version: 2020.3.1f1 (77a89f25062f)
[Subsystems] Discovering subsystems at path C:/Program Files/Unity/Hub/Editor/2020.3.1f1/Editor/Data/Resources/UnitySubsystems
[Subsystems] Discovering subsystems at path C:/Users/user/Documents/GitHub/BambooForest/bamboo forest/Assets
GfxDevice: creating device client; threaded=0
Direct3D:
    Version:  Direct3D 11.0 [level 11.1]
    Renderer: Intel(R) UHD Graphics 630 (ID=0x3e98)
    Vendor:   
    VRAM:     4031 MB
    Driver:   26.20.100.7642
Initialize mono
Mono path[0] = 'C:/Program Files/Unity/Hub/Editor/2020.3.1f1/Editor/Data/Managed'
Mono path[1] = 'C:/Program Files/Unity/Hub/Editor/2020.3.1f1/Editor/Data/MonoBleedingEdge/lib/mono/unityjit'
Mono config path = 'C:/Program Files/Unity/Hub/Editor/2020.3.1f1/Editor/Data/MonoBleedingEdge/etc'
Using monoOptions --debugger-agent=transport=dt_socket,embedding=1,server=y,suspend=n,address=127.0.0.1:56912
Begin MonoManager ReloadAssembly
Registering precompiled unity dll's ...
Register platform support module: C:/Program Files/Unity/Hub/Editor/2020.3.1f1/Editor/Data/PlaybackEngines/WindowsStandaloneSupport/UnityEditor.WindowsStandalone.Extensions.dll
Registered in 0.002429 seconds.
Native extension for WindowsStandalone target not found
Refreshing native plugins compatible for Editor in 30.05 ms, found 1 plugins.
Preloading 0 native plugins for Editor in 0.00 ms.
Invoked RoslynAnalysisRunner static constructor.
RoslynAnalysisRunner will not be running.
RoslynAnalysisRunner has terminated.
Mono: successfully reloaded assembly
- Completed reload, in  0.936 seconds
Platform modules already initialized, skipping
Registering precompiled user dll's ...
Registered in 0.001868 seconds.
Begin MonoManager ReloadAssembly
Native extension for WindowsStandalone target not found
Refreshing native plugins compatible for Editor in 34.20 ms, found 1 plugins.
Preloading 0 native plugins for Editor in 0.00 ms.
Invoked RoslynAnalysisRunner static constructor.
RoslynAnalysisRunner will not be running.
RoslynAnalysisRunner has terminated.
Mono: successfully reloaded assembly
- Completed reload, in  0.838 seconds
Platform modules already initialized, skipping
========================================================================
Worker process is ready to serve import requests
Launched and connected shader compiler UnityShaderCompiler.exe after 0.04 seconds
Refreshing native plugins compatible for Editor in 0.33 ms, found 1 plugins.
Preloading 0 native plugins for Editor in 0.00 ms.
Unloading 1816 Unused Serialized files (Serialized files now loaded: 0)
System memory in use before: 84.9 MB.
System memory in use after: 84.8 MB.

Unloading 24 unused Assets to reduce memory usage. Loaded Objects now: 2260.
Total: 2.080100 ms (FindLiveObjects: 0.253700 ms CreateObjectMapping: 0.074500 ms MarkObjects: 1.626000 ms  DeleteObjects: 0.124300 ms)

========================================================================
Received Import Request.
  path: Assets/Scripts/arrow.cs
  artifactKey: Guid(facea2ca5714aaa4d811cc3b1befbfbf) Importer(815301076,1909f56bfc062723c751e8b465ee728b)
Start importing Assets/Scripts/arrow.cs using Guid(facea2ca5714aaa4d811cc3b1befbfbf) Importer(815301076,1909f56bfc062723c751e8b465ee728b)  -> (artifact id: '01729d6e0ab9730d0b083f670f409a91') in 0.020014 seconds
  Import took 0.022899 seconds .

========================================================================
Received Import Request.
  Time since last request: 0.000294 seconds.
  path: Assets/Scripts/ArrowSpawner.cs
  artifactKey: Guid(798beeae3e39eb94bad1c6060bb1dab2) Importer(815301076,1909f56bfc062723c751e8b465ee728b)
Start importing Assets/Scripts/ArrowSpawner.cs using Guid(798beeae3e39eb94bad1c6060bb1dab2) Importer(815301076,1909f56bfc062723c751e8b465ee728b)  -> (artifact id: '8c62a85735e4ddeef952dd5512fd39ea') in 0.002413 seconds
  Import took 0.004732 seconds .

========================================================================
Received Prepare
Registering precompiled user dll's ...
Registered in 0.003053 seconds.
Begin MonoManager ReloadAssembly
Native extension for WindowsStandalone target not found
Refreshing native plugins compatible for Editor in 0.40 ms, found 1 plugins.
Preloading 0 native plugins for Editor in 0.00 ms.
Invoked RoslynAnalysisRunner static constructor.
RoslynAnalysisRunner will not be running.
RoslynAnalysisRunner has terminated.
Mono: successfully reloaded assembly
- Completed reload, in  0.714 seconds
Platform modules already initialized, skipping
Refreshing native plugins compatible for Editor in 0.30 ms, found 1 plugins.
Preloading 0 native plugins for Editor in 0.00 ms.
Unloading 1811 Unused Serialized files (Serialized files now loaded: 0)
System memory in use before: 84.8 MB.
System memory in use after: 84.8 MB.

Unloading 12 unused Assets to reduce memory usage. Loaded Objects now: 2264.
Total: 2.376200 ms (FindLiveObjects: 0.173600 ms CreateObjectMapping: 0.066400 ms MarkObjects: 1.983300 ms  DeleteObjects: 0.149600 ms)

========================================================================
Received Import Request.
  Time since last request: 48.084118 seconds.
  path: Assets/Scripts/ArrowSpawner.cs
  artifactKey: Guid(798beeae3e39eb94bad1c6060bb1dab2) Importer(815301076,1909f56bfc062723c751e8b465ee728b)
Start importing Assets/Scripts/ArrowSpawner.cs using Guid(798beeae3e39eb94bad1c6060bb1dab2) Importer(815301076,1909f56bfc062723c751e8b465ee728b)  -> (artifact id: '456f3fc508e2a14c857ae168451563c8') in 0.004230 seconds
  Import took 0.006507 seconds .

========================================================================
Received Import Request.
  Time since last request: 4438.777040 seconds.
  path: Assets/Scripts/ArrowSpawner.cs
  artifactKey: Guid(798beeae3e39eb94bad1c6060bb1dab2) Importer(815301076,1909f56bfc062723c751e8b465ee728b)
Start importing Assets/Scripts/ArrowSpawner.cs using Guid(798beeae3e39eb94bad1c6060bb1dab2) Importer(815301076,1909f56bfc062723c751e8b465ee728b)  -> (artifact id: '53a63028309ba20adeb9696cfae19727') in 0.011158 seconds
  Import took 0.111922 seconds .

========================================================================
Received Prepare
Registering precompiled user dll's ...
Registered in 0.002462 seconds.
Begin MonoManager ReloadAssembly
Native extension for WindowsStandalone target not found
Refreshing native plugins compatible for Editor in 0.31 ms, found 1 plugins.
Preloading 0 native plugins for Editor in 0.00 ms.
Invoked RoslynAnalysisRunner static constructor.
RoslynAnalysisRunner will not be running.
RoslynAnalysisRunner has terminated.
Mono: successfully reloaded assembly
- Completed reload, in  0.785 seconds
Platform modules already initialized, skipping
Refreshing native plugins compatible for Editor in 0.30 ms, found 1 plugins.
Preloading 0 native plugins for Editor in 0.00 ms.
Unloading 1811 Unused Serialized files (Serialized files now loaded: 0)
System memory in use before: 84.9 MB.
System memory in use after: 84.9 MB.

Unloading 12 unused Assets to reduce memory usage. Loaded Objects now: 2268.
Total: 2.150600 ms (FindLiveObjects: 0.358900 ms CreateObjectMapping: 0.092900 ms MarkObjects: 1.571500 ms  DeleteObjects: 0.126400 ms)

========================================================================
Received Import Request.
  Time since last request: 48.676814 seconds.
  path: Assets/Scripts/ArrowSpawner.cs
  artifactKey: Guid(798beeae3e39eb94bad1c6060bb1dab2) Importer(815301076,1909f56bfc062723c751e8b465ee728b)
Start importing Assets/Scripts/ArrowSpawner.cs using Guid(798beeae3e39eb94bad1c6060bb1dab2) Importer(815301076,1909f56bfc062723c751e8b465ee728b)  -> (artifact id: 'c6e4680888adfd2c8b3abcfd5faeb9c4') in 0.004957 seconds
  Import took 0.007493 seconds .

========================================================================
Received Import Request.
  Time since last request: 0.032514 seconds.
  path: Assets/Scripts/ArrowSpawner.cs
  artifactKey: Guid(798beeae3e39eb94bad1c6060bb1dab2) Importer(815301076,1909f56bfc062723c751e8b465ee728b)
Start importing Assets/Scripts/ArrowSpawner.cs using Guid(798beeae3e39eb94bad1c6060bb1dab2) Importer(815301076,1909f56bfc062723c751e8b465ee728b)  -> (artifact id: 'c6e4680888adfd2c8b3abcfd5faeb9c4') in 0.003260 seconds
  Import took 0.005817 seconds .

========================================================================
Received Prepare
Registering precompiled user dll's ...
Registered in 0.001113 seconds.
Begin MonoManager ReloadAssembly
Native extension for WindowsStandalone target not found
Refreshing native plugins compatible for Editor in 0.35 ms, found 1 plugins.
Preloading 0 native plugins for Editor in 0.00 ms.
Invoked RoslynAnalysisRunner static constructor.
RoslynAnalysisRunner will not be running.
RoslynAnalysisRunner has terminated.
Mono: successfully reloaded assembly
- Completed reload, in  0.720 seconds
Platform modules already initialized, skipping
Refreshing native plugins compatible for Editor in 0.29 ms, found 1 plugins.
Preloading 0 native plugins for Editor in 0.00 ms.
Unloading 1811 Unused Serialized files (Serialized files now loaded: 0)
System memory in use before: 84.9 MB.
System memory in use after: 84.9 MB.

Unloading 12 unused Assets to reduce memory usage. Loaded Objects now: 2272.
Total: 2.277200 ms (FindLiveObjects: 0.395100 ms CreateObjectMapping: 0.149200 ms MarkObjects: 1.611600 ms  DeleteObjects: 0.120000 ms)

========================================================================
Received Prepare
Registering precompiled user dll's ...
Registered in 0.001245 seconds.
Begin MonoManager ReloadAssembly
Native extension for WindowsStandalone target not found
Refreshing native plugins compatible for Editor in 0.30 ms, found 1 plugins.
Preloading 0 native plugins for Editor in 0.00 ms.
Invoked RoslynAnalysisRunner static constructor.
RoslynAnalysisRunner will not be running.
RoslynAnalysisRunner has terminated.
Mono: successfully reloaded assembly
- Completed reload, in  0.695 seconds
Platform modules already initialized, skipping
Refreshing native plugins compatible for Editor in 0.28 ms, found 1 plugins.
Preloading 0 native plugins for Editor in 0.00 ms.
Unloading 1811 Unused Serialized files (Serialized files now loaded: 0)
System memory in use before: 84.9 MB.
System memory in use after: 84.9 MB.

Unloading 12 unused Assets to reduce memory usage. Loaded Objects now: 2276.
Total: 1.807300 ms (FindLiveObjects: 0.195000 ms CreateObjectMapping: 0.093100 ms MarkObjects: 1.402100 ms  DeleteObjects: 0.116200 ms)

========================================================================
Received Import Request.
  Time since last request: 34.060677 seconds.
  path: Assets/Scripts/ArrowSpawner.cs
  artifactKey: Guid(798beeae3e39eb94bad1c6060bb1dab2) Importer(815301076,1909f56bfc062723c751e8b465ee728b)
Start importing Assets/Scripts/ArrowSpawner.cs using Guid(798beeae3e39eb94bad1c6060bb1dab2) Importer(815301076,1909f56bfc062723c751e8b465ee728b)  -> (artifact id: '1c9decef0929f1ce2f01adb3771c8932') in 0.005588 seconds
  Import took 0.008078 seconds .

========================================================================
Received Import Request.
  Time since last request: 0.032989 seconds.
  path: Assets/Scripts/ArrowSpawner.cs
  artifactKey: Guid(798beeae3e39eb94bad1c6060bb1dab2) Importer(815301076,1909f56bfc062723c751e8b465ee728b)
Start importing Assets/Scripts/ArrowSpawner.cs using Guid(798beeae3e39eb94bad1c6060bb1dab2) Importer(815301076,1909f56bfc062723c751e8b465ee728b)  -> (artifact id: '1c9decef0929f1ce2f01adb3771c8932') in 0.003829 seconds
  Import took 0.006534 seconds .

========================================================================
Received Prepare
Registering precompiled user dll's ...
Registered in 0.001104 seconds.
Begin MonoManager ReloadAssembly
Native extension for WindowsStandalone target not found
Refreshing native plugins compatible for Editor in 0.34 ms, found 1 plugins.
Preloading 0 native plugins for Editor in 0.00 ms.
Invoked RoslynAnalysisRunner static constructor.
RoslynAnalysisRunner will not be running.
RoslynAnalysisRunner has terminated.
Mono: successfully reloaded assembly
- Completed reload, in  0.705 seconds
Platform modules already initialized, skipping
Refreshing native plugins compatible for Editor in 0.35 ms, found 1 plugins.
Preloading 0 native plugins for Editor in 0.00 ms.
Unloading 1811 Unused Serialized files (Serialized files now loaded: 0)
System memory in use before: 84.9 MB.
System memory in use after: 84.9 MB.

Unloading 12 unused Assets to reduce memory usage. Loaded Objects now: 2280.
Total: 2.223200 ms (FindLiveObjects: 0.556600 ms CreateObjectMapping: 0.059500 ms MarkObjects: 1.487100 ms  DeleteObjects: 0.118100 ms)

========================================================================
Received Prepare
Registering precompiled user dll's ...
Registered in 0.001054 seconds.
Begin MonoManager ReloadAssembly
Native extension for WindowsStandalone target not found
Refreshing native plugins compatible for Editor in 0.30 ms, found 1 plugins.
Preloading 0 native plugins for Editor in 0.00 ms.
Invoked RoslynAnalysisRunner static constructor.
RoslynAnalysisRunner will not be running.
RoslynAnalysisRunner has terminated.
Mono: successfully reloaded assembly
- Completed reload, in  0.790 seconds
Platform modules already initialized, skipping
Refreshing native plugins compatible for Editor in 0.35 ms, found 1 plugins.
Preloading 0 native plugins for Editor in 0.00 ms.
Unloading 1811 Unused Serialized files (Serialized files now loaded: 0)
System memory in use before: 84.9 MB.
System memory in use after: 84.9 MB.

Unloading 12 unused Assets to reduce memory usage. Loaded Objects now: 2284.
Total: 2.496100 ms (FindLiveObjects: 0.361200 ms CreateObjectMapping: 0.090700 ms MarkObjects: 1.918500 ms  DeleteObjects: 0.123300 ms)

========================================================================
Received Prepare
Registering precompiled user dll's ...
Registered in 0.000968 seconds.
Begin MonoManager ReloadAssembly
Native extension for WindowsStandalone target not found
Refreshing native plugins compatible for Editor in 0.30 ms, found 1 plugins.
Preloading 0 native plugins for Editor in 0.00 ms.
Invoked RoslynAnalysisRunner static constructor.
RoslynAnalysisRunner will not be running.
RoslynAnalysisRunner has terminated.
Mono: successfully reloaded assembly
- Completed reload, in  0.694 seconds
Platform modules already initialized, skipping
Refreshing native plugins compatible for Editor in 0.31 ms, found 1 plugins.
Preloading 0 native plugins for Editor in 0.00 ms.
Unloading 1811 Unused Serialized files (Serialized files now loaded: 0)
System memory in use before: 85.0 MB.
System memory in use after: 84.9 MB.

Unloading 12 unused Assets to reduce memory usage. Loaded Objects now: 2288.
Total: 2.297300 ms (FindLiveObjects: 0.412800 ms CreateObjectMapping: 0.156600 ms MarkObjects: 1.602300 ms  DeleteObjects: 0.124500 ms)

========================================================================
Received Import Request.
  Time since last request: 55.453891 seconds.
  path: Assets/Scripts/ArrowSpawner.cs
  artifactKey: Guid(798beeae3e39eb94bad1c6060bb1dab2) Importer(815301076,1909f56bfc062723c751e8b465ee728b)
Start importing Assets/Scripts/ArrowSpawner.cs using Guid(798beeae3e39eb94bad1c6060bb1dab2) Importer(815301076,1909f56bfc062723c751e8b465ee728b)  -> (artifact id: 'c621ead6f8633edaf5588cca64bdc266') in 0.004616 seconds
  Import took 0.010242 seconds .

========================================================================
Received Prepare
Registering precompiled user dll's ...
Registered in 0.001217 seconds.
Begin MonoManager ReloadAssembly
Native extension for WindowsStandalone target not found
Refreshing native plugins compatible for Editor in 0.30 ms, found 1 plugins.
Preloading 0 native plugins for Editor in 0.00 ms.
Invoked RoslynAnalysisRunner static constructor.
RoslynAnalysisRunner will not be running.
RoslynAnalysisRunner has terminated.
Mono: successfully reloaded assembly
- Completed reload, in  0.691 seconds
Platform modules already initialized, skipping
Refreshing native plugins compatible for Editor in 0.29 ms, found 1 plugins.
Preloading 0 native plugins for Editor in 0.00 ms.
Unloading 1811 Unused Serialized files (Serialized files now loaded: 0)
System memory in use before: 85.0 MB.
System memory in use after: 85.0 MB.

Unloading 12 unused Assets to reduce memory usage. Loaded Objects now: 2292.
Total: 1.804400 ms (FindLiveObjects: 0.178300 ms CreateObjectMapping: 0.054500 ms MarkObjects: 1.447900 ms  DeleteObjects: 0.122500 ms)

AssetImportWorkerClient::OnTransportError - code=2 error=End of file
