Using pre-set license
Built from '2020.3/release' branch; Version is '2020.3.1f1 (77a89f25062f) revision 7841951'; Using compiler version '192528614'; Build Type 'Release'
OS: 'Windows 10 Home; OS build 19043.1586; Version 2009; 64bit' Language: 'ko' Physical Memory: 8145 MB
BatchMode: 1, IsHumanControllingUs: 0, StartBugReporterOnCrash: 0, Is64bit: 1, IsPro: 0

 COMMAND LINE ARGUMENTS:
D:\Unity Hub\2020.3.1f1\Editor\Unity.exe
-adb2
-batchMode
-noUpm
-name
AssetImportWorker4
-projectPath
D:/Unity project/bamboo forest
-logFile
Logs/AssetImportWorker4.log
-srvPort
5920
Successfully changed project path to: D:/Unity project/bamboo forest
D:/Unity project/bamboo forest
Using Asset Import Pipeline V2.
Refreshing native plugins compatible for Editor in 46.66 ms, found 1 plugins.
Preloading 0 native plugins for Editor in 0.00 ms.
Initialize engine version: 2020.3.1f1 (77a89f25062f)
[Subsystems] Discovering subsystems at path D:/Unity Hub/2020.3.1f1/Editor/Data/Resources/UnitySubsystems
[Subsystems] Discovering subsystems at path D:/Unity project/bamboo forest/Assets
GfxDevice: creating device client; threaded=0
Direct3D:
    Version:  Direct3D 11.0 [level 11.1]
    Renderer: NVIDIA GeForce GTX 1050 (ID=0x1c81)
    Vendor:   
    VRAM:     1977 MB
    Driver:   30.0.15.1165
Initialize mono
Mono path[0] = 'D:/Unity Hub/2020.3.1f1/Editor/Data/Managed'
Mono path[1] = 'D:/Unity Hub/2020.3.1f1/Editor/Data/MonoBleedingEdge/lib/mono/unityjit'
Mono config path = 'D:/Unity Hub/2020.3.1f1/Editor/Data/MonoBleedingEdge/etc'
Using monoOptions --debugger-agent=transport=dt_socket,embedding=1,server=y,suspend=n,address=127.0.0.1:56916
Begin MonoManager ReloadAssembly
Registering precompiled unity dll's ...
Register platform support module: D:/Unity Hub/2020.3.1f1/Editor/Data/PlaybackEngines/WindowsStandaloneSupport/UnityEditor.WindowsStandalone.Extensions.dll
Registered in 0.003522 seconds.
Native extension for WindowsStandalone target not found
Refreshing native plugins compatible for Editor in 51.43 ms, found 1 plugins.
Preloading 0 native plugins for Editor in 0.00 ms.
Invoked RoslynAnalysisRunner static constructor.
RoslynAnalysisRunner will not be running.
RoslynAnalysisRunner has terminated.
Mono: successfully reloaded assembly
- Completed reload, in 12.091 seconds
Platform modules already initialized, skipping
Registering precompiled user dll's ...
Registered in 0.003169 seconds.
Begin MonoManager ReloadAssembly
Native extension for WindowsStandalone target not found
Refreshing native plugins compatible for Editor in 45.77 ms, found 1 plugins.
Preloading 0 native plugins for Editor in 0.00 ms.
Invoked RoslynAnalysisRunner static constructor.
RoslynAnalysisRunner will not be running.
RoslynAnalysisRunner has terminated.
Mono: successfully reloaded assembly
- Completed reload, in  1.252 seconds
Platform modules already initialized, skipping
========================================================================
Worker process is ready to serve import requests
Launched and connected shader compiler UnityShaderCompiler.exe after 0.20 seconds
Refreshing native plugins compatible for Editor in 0.35 ms, found 1 plugins.
Preloading 0 native plugins for Editor in 0.00 ms.
Unloading 1813 Unused Serialized files (Serialized files now loaded: 0)
System memory in use before: 87.3 MB.
System memory in use after: 87.3 MB.

Unloading 24 unused Assets to reduce memory usage. Loaded Objects now: 2256.
Total: 2.383800 ms (FindLiveObjects: 0.258900 ms CreateObjectMapping: 0.109400 ms MarkObjects: 1.858800 ms  DeleteObjects: 0.155400 ms)

========================================================================
Received Import Request.
  path: Assets/Scripts/sfx.cs
  artifactKey: Guid(8f206457cf0890741adb1dbb5c3b2f5d) Importer(815301076,1909f56bfc062723c751e8b465ee728b)
Start importing Assets/Scripts/sfx.cs using Guid(8f206457cf0890741adb1dbb5c3b2f5d) Importer(815301076,1909f56bfc062723c751e8b465ee728b)  -> (artifact id: '00000000000000000000000000000000') in 0.167939 seconds
  ERROR: Build asset version error: assets/scripts/sfx.cs in SourceAssetDB has modification time of '2022-04-09T17:10:10.6233543Z' while content on disk has modification time of '2022-04-09T17:10:51.7357615Z'
  Import took 0.170636 seconds .

========================================================================
Received Import Request.
  Time since last request: 0.010111 seconds.
  path: Assets/Scripts/sfx.cs
  artifactKey: Guid(8f206457cf0890741adb1dbb5c3b2f5d) Importer(815301076,1909f56bfc062723c751e8b465ee728b)
Start importing Assets/Scripts/sfx.cs using Guid(8f206457cf0890741adb1dbb5c3b2f5d) Importer(815301076,1909f56bfc062723c751e8b465ee728b)  -> (artifact id: '00000000000000000000000000000000') in 0.000267 seconds
  ERROR: Build asset version error: assets/scripts/sfx.cs in SourceAssetDB has modification time of '2022-04-09T17:10:10.6233543Z' while content on disk has modification time of '2022-04-09T17:10:51.7357615Z'
  Import took 0.003978 seconds .

========================================================================
Received Import Request.
  Time since last request: 0.036632 seconds.
  path: Assets/Scripts/sfx.cs
  artifactKey: Guid(8f206457cf0890741adb1dbb5c3b2f5d) Importer(815301076,1909f56bfc062723c751e8b465ee728b)
Start importing Assets/Scripts/sfx.cs using Guid(8f206457cf0890741adb1dbb5c3b2f5d) Importer(815301076,1909f56bfc062723c751e8b465ee728b)  -> (artifact id: '00000000000000000000000000000000') in 0.000267 seconds
  ERROR: Build asset version error: assets/scripts/sfx.cs in SourceAssetDB has modification time of '2022-04-09T17:10:10.6233543Z' while content on disk has modification time of '2022-04-09T17:10:51.7357615Z'
  Import took 0.003228 seconds .

========================================================================
Received Import Request.
  Time since last request: 0.017170 seconds.
  path: Assets/Scripts/sfx.cs
  artifactKey: Guid(8f206457cf0890741adb1dbb5c3b2f5d) Importer(815301076,1909f56bfc062723c751e8b465ee728b)
Start importing Assets/Scripts/sfx.cs using Guid(8f206457cf0890741adb1dbb5c3b2f5d) Importer(815301076,1909f56bfc062723c751e8b465ee728b)  -> (artifact id: '00000000000000000000000000000000') in 0.000293 seconds
  ERROR: Build asset version error: assets/scripts/sfx.cs in SourceAssetDB has modification time of '2022-04-09T17:10:10.6233543Z' while content on disk has modification time of '2022-04-09T17:10:51.7357615Z'
  Import took 0.004125 seconds .

========================================================================
Received Import Request.
  Time since last request: 0.019179 seconds.
  path: Assets/Scripts/sfx.cs
  artifactKey: Guid(8f206457cf0890741adb1dbb5c3b2f5d) Importer(815301076,1909f56bfc062723c751e8b465ee728b)
Start importing Assets/Scripts/sfx.cs using Guid(8f206457cf0890741adb1dbb5c3b2f5d) Importer(815301076,1909f56bfc062723c751e8b465ee728b)  -> (artifact id: '00000000000000000000000000000000') in 0.000244 seconds
  ERROR: Build asset version error: assets/scripts/sfx.cs in SourceAssetDB has modification time of '2022-04-09T17:10:10.6233543Z' while content on disk has modification time of '2022-04-09T17:10:51.7357615Z'
  Import took 0.003143 seconds .

========================================================================
Received Import Request.
  Time since last request: 0.016196 seconds.
  path: Assets/Scripts/sfx.cs
  artifactKey: Guid(8f206457cf0890741adb1dbb5c3b2f5d) Importer(815301076,1909f56bfc062723c751e8b465ee728b)
Start importing Assets/Scripts/sfx.cs using Guid(8f206457cf0890741adb1dbb5c3b2f5d) Importer(815301076,1909f56bfc062723c751e8b465ee728b)  -> (artifact id: '00000000000000000000000000000000') in 0.000267 seconds
  ERROR: Build asset version error: assets/scripts/sfx.cs in SourceAssetDB has modification time of '2022-04-09T17:10:10.6233543Z' while content on disk has modification time of '2022-04-09T17:10:51.7357615Z'
  Import took 0.003536 seconds .

========================================================================
Received Import Request.
  Time since last request: 0.015969 seconds.
  path: Assets/Scripts/sfx.cs
  artifactKey: Guid(8f206457cf0890741adb1dbb5c3b2f5d) Importer(815301076,1909f56bfc062723c751e8b465ee728b)
Start importing Assets/Scripts/sfx.cs using Guid(8f206457cf0890741adb1dbb5c3b2f5d) Importer(815301076,1909f56bfc062723c751e8b465ee728b)  -> (artifact id: '00000000000000000000000000000000') in 0.000298 seconds
  ERROR: Build asset version error: assets/scripts/sfx.cs in SourceAssetDB has modification time of '2022-04-09T17:10:10.6233543Z' while content on disk has modification time of '2022-04-09T17:10:51.7357615Z'
  Import took 0.003257 seconds .

========================================================================
Received Import Request.
  Time since last request: 0.021055 seconds.
  path: Assets/Scripts/sfx.cs
  artifactKey: Guid(8f206457cf0890741adb1dbb5c3b2f5d) Importer(815301076,1909f56bfc062723c751e8b465ee728b)
Start importing Assets/Scripts/sfx.cs using Guid(8f206457cf0890741adb1dbb5c3b2f5d) Importer(815301076,1909f56bfc062723c751e8b465ee728b)  -> (artifact id: '00000000000000000000000000000000') in 0.000257 seconds
  ERROR: Build asset version error: assets/scripts/sfx.cs in SourceAssetDB has modification time of '2022-04-09T17:10:10.6233543Z' while content on disk has modification time of '2022-04-09T17:10:51.7357615Z'
  Import took 0.003549 seconds .

========================================================================
Received Import Request.
  Time since last request: 0.021600 seconds.
  path: Assets/Scripts/sfx.cs
  artifactKey: Guid(8f206457cf0890741adb1dbb5c3b2f5d) Importer(815301076,1909f56bfc062723c751e8b465ee728b)
Start importing Assets/Scripts/sfx.cs using Guid(8f206457cf0890741adb1dbb5c3b2f5d) Importer(815301076,1909f56bfc062723c751e8b465ee728b)  -> (artifact id: '00000000000000000000000000000000') in 0.000411 seconds
  ERROR: Build asset version error: assets/scripts/sfx.cs in SourceAssetDB has modification time of '2022-04-09T17:10:10.6233543Z' while content on disk has modification time of '2022-04-09T17:10:51.7357615Z'
  Import took 0.004522 seconds .

========================================================================
Received Import Request.
  Time since last request: 0.015451 seconds.
  path: Assets/Scripts/sfx.cs
  artifactKey: Guid(8f206457cf0890741adb1dbb5c3b2f5d) Importer(815301076,1909f56bfc062723c751e8b465ee728b)
Start importing Assets/Scripts/sfx.cs using Guid(8f206457cf0890741adb1dbb5c3b2f5d) Importer(815301076,1909f56bfc062723c751e8b465ee728b)  -> (artifact id: '00000000000000000000000000000000') in 0.000264 seconds
  ERROR: Build asset version error: assets/scripts/sfx.cs in SourceAssetDB has modification time of '2022-04-09T17:10:10.6233543Z' while content on disk has modification time of '2022-04-09T17:10:51.7357615Z'
  Import took 0.004172 seconds .

========================================================================
Received Import Request.
  Time since last request: 0.015165 seconds.
  path: Assets/Scripts/sfx.cs
  artifactKey: Guid(8f206457cf0890741adb1dbb5c3b2f5d) Importer(815301076,1909f56bfc062723c751e8b465ee728b)
Start importing Assets/Scripts/sfx.cs using Guid(8f206457cf0890741adb1dbb5c3b2f5d) Importer(815301076,1909f56bfc062723c751e8b465ee728b)  -> (artifact id: '00000000000000000000000000000000') in 0.000364 seconds
  ERROR: Build asset version error: assets/scripts/sfx.cs in SourceAssetDB has modification time of '2022-04-09T17:10:10.6233543Z' while content on disk has modification time of '2022-04-09T17:10:51.7357615Z'
  Import took 0.004063 seconds .

========================================================================
Received Import Request.
  Time since last request: 0.018751 seconds.
  path: Assets/Scripts/sfx.cs
  artifactKey: Guid(8f206457cf0890741adb1dbb5c3b2f5d) Importer(815301076,1909f56bfc062723c751e8b465ee728b)
Start importing Assets/Scripts/sfx.cs using Guid(8f206457cf0890741adb1dbb5c3b2f5d) Importer(815301076,1909f56bfc062723c751e8b465ee728b)  -> (artifact id: '00000000000000000000000000000000') in 0.000256 seconds
  ERROR: Build asset version error: assets/scripts/sfx.cs in SourceAssetDB has modification time of '2022-04-09T17:10:10.6233543Z' while content on disk has modification time of '2022-04-09T17:10:51.7357615Z'
  Import took 0.003077 seconds .

========================================================================
Received Import Request.
  Time since last request: 0.016768 seconds.
  path: Assets/Scripts/sfx.cs
  artifactKey: Guid(8f206457cf0890741adb1dbb5c3b2f5d) Importer(815301076,1909f56bfc062723c751e8b465ee728b)
Start importing Assets/Scripts/sfx.cs using Guid(8f206457cf0890741adb1dbb5c3b2f5d) Importer(815301076,1909f56bfc062723c751e8b465ee728b)  -> (artifact id: '00000000000000000000000000000000') in 0.000244 seconds
  ERROR: Build asset version error: assets/scripts/sfx.cs in SourceAssetDB has modification time of '2022-04-09T17:10:10.6233543Z' while content on disk has modification time of '2022-04-09T17:10:51.7357615Z'
  Import took 0.002877 seconds .

========================================================================
Received Import Request.
  Time since last request: 0.018941 seconds.
  path: Assets/Scripts/sfx.cs
  artifactKey: Guid(8f206457cf0890741adb1dbb5c3b2f5d) Importer(815301076,1909f56bfc062723c751e8b465ee728b)
Start importing Assets/Scripts/sfx.cs using Guid(8f206457cf0890741adb1dbb5c3b2f5d) Importer(815301076,1909f56bfc062723c751e8b465ee728b)  -> (artifact id: '00000000000000000000000000000000') in 0.000247 seconds
  ERROR: Build asset version error: assets/scripts/sfx.cs in SourceAssetDB has modification time of '2022-04-09T17:10:10.6233543Z' while content on disk has modification time of '2022-04-09T17:10:51.7357615Z'
  Import took 0.002929 seconds .

========================================================================
Received Import Request.
  Time since last request: 0.016991 seconds.
  path: Assets/Scripts/sfx.cs
  artifactKey: Guid(8f206457cf0890741adb1dbb5c3b2f5d) Importer(815301076,1909f56bfc062723c751e8b465ee728b)
Start importing Assets/Scripts/sfx.cs using Guid(8f206457cf0890741adb1dbb5c3b2f5d) Importer(815301076,1909f56bfc062723c751e8b465ee728b)  -> (artifact id: '00000000000000000000000000000000') in 0.000287 seconds
  ERROR: Build asset version error: assets/scripts/sfx.cs in SourceAssetDB has modification time of '2022-04-09T17:10:10.6233543Z' while content on disk has modification time of '2022-04-09T17:10:51.7357615Z'
  Import took 0.003044 seconds .

========================================================================
Received Import Request.
  Time since last request: 0.016477 seconds.
  path: Assets/Scripts/sfx.cs
  artifactKey: Guid(8f206457cf0890741adb1dbb5c3b2f5d) Importer(815301076,1909f56bfc062723c751e8b465ee728b)
Start importing Assets/Scripts/sfx.cs using Guid(8f206457cf0890741adb1dbb5c3b2f5d) Importer(815301076,1909f56bfc062723c751e8b465ee728b)  -> (artifact id: '00000000000000000000000000000000') in 0.000274 seconds
  ERROR: Build asset version error: assets/scripts/sfx.cs in SourceAssetDB has modification time of '2022-04-09T17:10:10.6233543Z' while content on disk has modification time of '2022-04-09T17:10:51.7357615Z'
  Import took 0.003487 seconds .

========================================================================
Received Import Request.
  Time since last request: 0.018612 seconds.
  path: Assets/Scripts/sfx.cs
  artifactKey: Guid(8f206457cf0890741adb1dbb5c3b2f5d) Importer(815301076,1909f56bfc062723c751e8b465ee728b)
Start importing Assets/Scripts/sfx.cs using Guid(8f206457cf0890741adb1dbb5c3b2f5d) Importer(815301076,1909f56bfc062723c751e8b465ee728b)  -> (artifact id: '00000000000000000000000000000000') in 0.000295 seconds
  ERROR: Build asset version error: assets/scripts/sfx.cs in SourceAssetDB has modification time of '2022-04-09T17:10:10.6233543Z' while content on disk has modification time of '2022-04-09T17:10:51.7357615Z'
  Import took 0.004305 seconds .

========================================================================
Received Import Request.
  Time since last request: 0.014756 seconds.
  path: Assets/Scripts/sfx.cs
  artifactKey: Guid(8f206457cf0890741adb1dbb5c3b2f5d) Importer(815301076,1909f56bfc062723c751e8b465ee728b)
Start importing Assets/Scripts/sfx.cs using Guid(8f206457cf0890741adb1dbb5c3b2f5d) Importer(815301076,1909f56bfc062723c751e8b465ee728b)  -> (artifact id: '00000000000000000000000000000000') in 0.000267 seconds
  ERROR: Build asset version error: assets/scripts/sfx.cs in SourceAssetDB has modification time of '2022-04-09T17:10:10.6233543Z' while content on disk has modification time of '2022-04-09T17:10:51.7357615Z'
  Import took 0.004286 seconds .

========================================================================
Received Import Request.
  Time since last request: 0.015997 seconds.
  path: Assets/Scripts/sfx.cs
  artifactKey: Guid(8f206457cf0890741adb1dbb5c3b2f5d) Importer(815301076,1909f56bfc062723c751e8b465ee728b)
Start importing Assets/Scripts/sfx.cs using Guid(8f206457cf0890741adb1dbb5c3b2f5d) Importer(815301076,1909f56bfc062723c751e8b465ee728b)  -> (artifact id: '00000000000000000000000000000000') in 0.000349 seconds
  ERROR: Build asset version error: assets/scripts/sfx.cs in SourceAssetDB has modification time of '2022-04-09T17:10:10.6233543Z' while content on disk has modification time of '2022-04-09T17:10:51.7357615Z'
  Import took 0.004827 seconds .

========================================================================
Received Import Request.
  Time since last request: 0.017018 seconds.
  path: Assets/Scripts/sfx.cs
  artifactKey: Guid(8f206457cf0890741adb1dbb5c3b2f5d) Importer(815301076,1909f56bfc062723c751e8b465ee728b)
Start importing Assets/Scripts/sfx.cs using Guid(8f206457cf0890741adb1dbb5c3b2f5d) Importer(815301076,1909f56bfc062723c751e8b465ee728b)  -> (artifact id: '00000000000000000000000000000000') in 0.000280 seconds
  ERROR: Build asset version error: assets/scripts/sfx.cs in SourceAssetDB has modification time of '2022-04-09T17:10:10.6233543Z' while content on disk has modification time of '2022-04-09T17:10:51.7357615Z'
  Import took 0.003158 seconds .

========================================================================
Received Import Request.
  Time since last request: 0.015110 seconds.
  path: Assets/Scripts/sfx.cs
  artifactKey: Guid(8f206457cf0890741adb1dbb5c3b2f5d) Importer(815301076,1909f56bfc062723c751e8b465ee728b)
Start importing Assets/Scripts/sfx.cs using Guid(8f206457cf0890741adb1dbb5c3b2f5d) Importer(815301076,1909f56bfc062723c751e8b465ee728b)  -> (artifact id: '00000000000000000000000000000000') in 0.000289 seconds
  ERROR: Build asset version error: assets/scripts/sfx.cs in SourceAssetDB has modification time of '2022-04-09T17:10:10.6233543Z' while content on disk has modification time of '2022-04-09T17:10:51.7357615Z'
  Import took 0.003040 seconds .

========================================================================
Received Import Request.
  Time since last request: 0.016241 seconds.
  path: Assets/Scripts/sfx.cs
  artifactKey: Guid(8f206457cf0890741adb1dbb5c3b2f5d) Importer(815301076,1909f56bfc062723c751e8b465ee728b)
Start importing Assets/Scripts/sfx.cs using Guid(8f206457cf0890741adb1dbb5c3b2f5d) Importer(815301076,1909f56bfc062723c751e8b465ee728b)  -> (artifact id: '00000000000000000000000000000000') in 0.001096 seconds
  ERROR: Build asset version error: assets/scripts/sfx.cs in SourceAssetDB has modification time of '2022-04-09T17:10:10.6233543Z' while content on disk has modification time of '2022-04-09T17:10:51.7357615Z'
  Import took 0.009577 seconds .

========================================================================
Received Import Request.
  Time since last request: 0.011892 seconds.
  path: Assets/Scripts/sfx.cs
  artifactKey: Guid(8f206457cf0890741adb1dbb5c3b2f5d) Importer(815301076,1909f56bfc062723c751e8b465ee728b)
Start importing Assets/Scripts/sfx.cs using Guid(8f206457cf0890741adb1dbb5c3b2f5d) Importer(815301076,1909f56bfc062723c751e8b465ee728b)  -> (artifact id: '00000000000000000000000000000000') in 0.000306 seconds
  ERROR: Build asset version error: assets/scripts/sfx.cs in SourceAssetDB has modification time of '2022-04-09T17:10:10.6233543Z' while content on disk has modification time of '2022-04-09T17:10:51.7357615Z'
  Import took 0.003402 seconds .

========================================================================
Received Import Request.
  Time since last request: 0.017096 seconds.
  path: Assets/Scripts/sfx.cs
  artifactKey: Guid(8f206457cf0890741adb1dbb5c3b2f5d) Importer(815301076,1909f56bfc062723c751e8b465ee728b)
Start importing Assets/Scripts/sfx.cs using Guid(8f206457cf0890741adb1dbb5c3b2f5d) Importer(815301076,1909f56bfc062723c751e8b465ee728b)  -> (artifact id: '00000000000000000000000000000000') in 0.000376 seconds
  ERROR: Build asset version error: assets/scripts/sfx.cs in SourceAssetDB has modification time of '2022-04-09T17:10:10.6233543Z' while content on disk has modification time of '2022-04-09T17:10:51.7357615Z'
  Import took 0.003701 seconds .

========================================================================
Received Import Request.
  Time since last request: 0.037221 seconds.
  path: Assets/Scripts/sfx.cs
  artifactKey: Guid(8f206457cf0890741adb1dbb5c3b2f5d) Importer(815301076,1909f56bfc062723c751e8b465ee728b)
Start importing Assets/Scripts/sfx.cs using Guid(8f206457cf0890741adb1dbb5c3b2f5d) Importer(815301076,1909f56bfc062723c751e8b465ee728b)  -> (artifact id: '00000000000000000000000000000000') in 0.000998 seconds
  ERROR: Build asset version error: assets/scripts/sfx.cs in SourceAssetDB has modification time of '2022-04-09T17:10:10.6233543Z' while content on disk has modification time of '2022-04-09T17:10:51.7357615Z'
  Import took 0.005092 seconds .

========================================================================
Received Prepare
Registering precompiled user dll's ...
Registered in 0.009238 seconds.
Begin MonoManager ReloadAssembly
Native extension for WindowsStandalone target not found
Refreshing native plugins compatible for Editor in 0.36 ms, found 1 plugins.
Preloading 0 native plugins for Editor in 0.00 ms.
Invoked RoslynAnalysisRunner static constructor.
RoslynAnalysisRunner will not be running.
RoslynAnalysisRunner has terminated.
Mono: successfully reloaded assembly
- Completed reload, in  1.171 seconds
Platform modules already initialized, skipping
Refreshing native plugins compatible for Editor in 0.36 ms, found 1 plugins.
Preloading 0 native plugins for Editor in 0.00 ms.
Unloading 1808 Unused Serialized files (Serialized files now loaded: 0)
System memory in use before: 87.3 MB.
System memory in use after: 87.3 MB.

Unloading 12 unused Assets to reduce memory usage. Loaded Objects now: 2260.
Total: 2.286800 ms (FindLiveObjects: 0.204800 ms CreateObjectMapping: 0.072200 ms MarkObjects: 1.885400 ms  DeleteObjects: 0.122900 ms)

========================================================================
Received Import Request.
  Time since last request: 21.601197 seconds.
  path: Assets/Scripts/BgmSound.cs
  artifactKey: Guid(f9a07c0c51158874cb00b3a1dccd5114) Importer(815301076,1909f56bfc062723c751e8b465ee728b)
Start importing Assets/Scripts/BgmSound.cs using Guid(f9a07c0c51158874cb00b3a1dccd5114) Importer(815301076,1909f56bfc062723c751e8b465ee728b)  -> (artifact id: '1c48bbd5ef2832f66b9da009633fd74e') in 0.014725 seconds
  Import took 0.049379 seconds .

========================================================================
Received Prepare
Registering precompiled user dll's ...
Registered in 0.003120 seconds.
Begin MonoManager ReloadAssembly
Native extension for WindowsStandalone target not found
Refreshing native plugins compatible for Editor in 0.35 ms, found 1 plugins.
Preloading 0 native plugins for Editor in 0.00 ms.
Invoked RoslynAnalysisRunner static constructor.
RoslynAnalysisRunner will not be running.
RoslynAnalysisRunner has terminated.
Mono: successfully reloaded assembly
- Completed reload, in  1.128 seconds
Platform modules already initialized, skipping
Refreshing native plugins compatible for Editor in 0.45 ms, found 1 plugins.
Preloading 0 native plugins for Editor in 0.00 ms.
Unloading 1809 Unused Serialized files (Serialized files now loaded: 0)
System memory in use before: 87.3 MB.
System memory in use after: 87.3 MB.

Unloading 12 unused Assets to reduce memory usage. Loaded Objects now: 2265.
Total: 2.272200 ms (FindLiveObjects: 0.206100 ms CreateObjectMapping: 0.079900 ms MarkObjects: 1.850600 ms  DeleteObjects: 0.134300 ms)

========================================================================
Received Prepare
Registering precompiled user dll's ...
Registered in 0.005532 seconds.
Begin MonoManager ReloadAssembly
Native extension for WindowsStandalone target not found
Refreshing native plugins compatible for Editor in 0.34 ms, found 1 plugins.
Preloading 0 native plugins for Editor in 0.00 ms.
Invoked RoslynAnalysisRunner static constructor.
RoslynAnalysisRunner will not be running.
RoslynAnalysisRunner has terminated.
Mono: successfully reloaded assembly
- Completed reload, in  1.171 seconds
Platform modules already initialized, skipping
Refreshing native plugins compatible for Editor in 0.47 ms, found 1 plugins.
Preloading 0 native plugins for Editor in 0.00 ms.
Unloading 1809 Unused Serialized files (Serialized files now loaded: 0)
System memory in use before: 87.4 MB.
System memory in use after: 87.4 MB.

Unloading 12 unused Assets to reduce memory usage. Loaded Objects now: 2269.
Total: 2.263700 ms (FindLiveObjects: 0.217400 ms CreateObjectMapping: 0.091400 ms MarkObjects: 1.825200 ms  DeleteObjects: 0.128400 ms)

========================================================================
Received Import Request.
  Time since last request: 37.243487 seconds.
  path: Assets/Scripts/BgmSound.cs
  artifactKey: Guid(f9a07c0c51158874cb00b3a1dccd5114) Importer(815301076,1909f56bfc062723c751e8b465ee728b)
Start importing Assets/Scripts/BgmSound.cs using Guid(f9a07c0c51158874cb00b3a1dccd5114) Importer(815301076,1909f56bfc062723c751e8b465ee728b)  -> (artifact id: '4408be041675f77a206d1aca5e2ab190') in 0.008411 seconds
  Import took 0.031245 seconds .

========================================================================
Received Import Request.
  Time since last request: 0.540547 seconds.
  path: Assets/Scenes/GameScene.unity
  artifactKey: Guid(b2414269964c61a44a76420e92512c3d) Importer(815301076,1909f56bfc062723c751e8b465ee728b)
Start importing Assets/Scenes/GameScene.unity using Guid(b2414269964c61a44a76420e92512c3d) Importer(815301076,1909f56bfc062723c751e8b465ee728b)  -> (artifact id: 'e38d76454b4eaad17a8d2cb72da3f710') in 0.019268 seconds
  Import took 0.022974 seconds .

========================================================================
Received Prepare
Registering precompiled user dll's ...
Registered in 0.002553 seconds.
Begin MonoManager ReloadAssembly
Native extension for WindowsStandalone target not found
Refreshing native plugins compatible for Editor in 0.50 ms, found 1 plugins.
Preloading 0 native plugins for Editor in 0.00 ms.
Invoked RoslynAnalysisRunner static constructor.
RoslynAnalysisRunner will not be running.
RoslynAnalysisRunner has terminated.
Mono: successfully reloaded assembly
- Completed reload, in  1.239 seconds
Platform modules already initialized, skipping
Refreshing native plugins compatible for Editor in 0.38 ms, found 1 plugins.
Preloading 0 native plugins for Editor in 0.00 ms.
Unloading 1809 Unused Serialized files (Serialized files now loaded: 0)
System memory in use before: 87.4 MB.
System memory in use after: 87.4 MB.

Unloading 12 unused Assets to reduce memory usage. Loaded Objects now: 2273.
Total: 2.262800 ms (FindLiveObjects: 0.196400 ms CreateObjectMapping: 0.075000 ms MarkObjects: 1.831600 ms  DeleteObjects: 0.158600 ms)

========================================================================
Received Import Request.
  Time since last request: 965.375994 seconds.
  path: Assets/Scripts/SoundManager.cs
  artifactKey: Guid(9285a1f454fa9bc4ebb00fb688833506) Importer(815301076,1909f56bfc062723c751e8b465ee728b)
Start importing Assets/Scripts/SoundManager.cs using Guid(9285a1f454fa9bc4ebb00fb688833506) Importer(815301076,1909f56bfc062723c751e8b465ee728b)  -> (artifact id: 'da9ab0238c43bf6bc09b2cfedcd34bd9') in 0.011357 seconds
  Import took 0.033487 seconds .

========================================================================
Received Prepare
Registering precompiled user dll's ...
Registered in 0.003251 seconds.
Begin MonoManager ReloadAssembly
Native extension for WindowsStandalone target not found
Refreshing native plugins compatible for Editor in 0.34 ms, found 1 plugins.
Preloading 0 native plugins for Editor in 0.00 ms.
Invoked RoslynAnalysisRunner static constructor.
RoslynAnalysisRunner will not be running.
RoslynAnalysisRunner has terminated.
Mono: successfully reloaded assembly
- Completed reload, in  1.130 seconds
Platform modules already initialized, skipping
Refreshing native plugins compatible for Editor in 0.36 ms, found 1 plugins.
Preloading 0 native plugins for Editor in 0.00 ms.
Unloading 1809 Unused Serialized files (Serialized files now loaded: 0)
System memory in use before: 87.4 MB.
System memory in use after: 87.4 MB.

Unloading 12 unused Assets to reduce memory usage. Loaded Objects now: 2277.
Total: 2.316300 ms (FindLiveObjects: 0.244700 ms CreateObjectMapping: 0.090400 ms MarkObjects: 1.856200 ms  DeleteObjects: 0.123500 ms)

========================================================================
Received Import Request.
  Time since last request: 84.132960 seconds.
  path: Assets/Scripts/SoundManager.cs
  artifactKey: Guid(9285a1f454fa9bc4ebb00fb688833506) Importer(815301076,1909f56bfc062723c751e8b465ee728b)
Start importing Assets/Scripts/SoundManager.cs using Guid(9285a1f454fa9bc4ebb00fb688833506) Importer(815301076,1909f56bfc062723c751e8b465ee728b)  -> (artifact id: '66fc4741d938933a536976b529edcf8a') in 0.007704 seconds
  Import took 0.266036 seconds .

========================================================================
Received Prepare
Registering precompiled user dll's ...
Registered in 0.002898 seconds.
Begin MonoManager ReloadAssembly
Native extension for WindowsStandalone target not found
Refreshing native plugins compatible for Editor in 0.35 ms, found 1 plugins.
Preloading 0 native plugins for Editor in 0.00 ms.
Invoked RoslynAnalysisRunner static constructor.
RoslynAnalysisRunner will not be running.
RoslynAnalysisRunner has terminated.
Mono: successfully reloaded assembly
- Completed reload, in  1.098 seconds
Platform modules already initialized, skipping
Refreshing native plugins compatible for Editor in 0.36 ms, found 1 plugins.
Preloading 0 native plugins for Editor in 0.00 ms.
Unloading 1809 Unused Serialized files (Serialized files now loaded: 0)
System memory in use before: 87.4 MB.
System memory in use after: 87.4 MB.

Unloading 12 unused Assets to reduce memory usage. Loaded Objects now: 2281.
Total: 2.552800 ms (FindLiveObjects: 0.286700 ms CreateObjectMapping: 0.138100 ms MarkObjects: 2.005100 ms  DeleteObjects: 0.121100 ms)

========================================================================
Received Import Request.
  Time since last request: 13.051475 seconds.
  path: Assets/Scenes/MainScene.unity
  artifactKey: Guid(2cda990e2423bbf4892e6590ba056729) Importer(815301076,1909f56bfc062723c751e8b465ee728b)
Start importing Assets/Scenes/MainScene.unity using Guid(2cda990e2423bbf4892e6590ba056729) Importer(815301076,1909f56bfc062723c751e8b465ee728b)  -> (artifact id: '80a09da3f7d6b4fdb5bdf03df582f9a0') in 0.016721 seconds
  Import took 0.019852 seconds .

========================================================================
Received Prepare
Registering precompiled user dll's ...
Registered in 0.002791 seconds.
Begin MonoManager ReloadAssembly
Native extension for WindowsStandalone target not found
Refreshing native plugins compatible for Editor in 0.39 ms, found 1 plugins.
Preloading 0 native plugins for Editor in 0.00 ms.
Invoked RoslynAnalysisRunner static constructor.
RoslynAnalysisRunner will not be running.
RoslynAnalysisRunner has terminated.
Mono: successfully reloaded assembly
- Completed reload, in  1.138 seconds
Platform modules already initialized, skipping
Refreshing native plugins compatible for Editor in 0.37 ms, found 1 plugins.
Preloading 0 native plugins for Editor in 0.00 ms.
Unloading 1809 Unused Serialized files (Serialized files now loaded: 0)
System memory in use before: 87.4 MB.
System memory in use after: 87.4 MB.

Unloading 12 unused Assets to reduce memory usage. Loaded Objects now: 2285.
Total: 2.373900 ms (FindLiveObjects: 0.197600 ms CreateObjectMapping: 0.083000 ms MarkObjects: 1.967300 ms  DeleteObjects: 0.124400 ms)

========================================================================
Received Prepare
Registering precompiled user dll's ...
Registered in 0.004070 seconds.
Begin MonoManager ReloadAssembly
Native extension for WindowsStandalone target not found
Refreshing native plugins compatible for Editor in 0.43 ms, found 1 plugins.
Preloading 0 native plugins for Editor in 0.00 ms.
Invoked RoslynAnalysisRunner static constructor.
RoslynAnalysisRunner will not be running.
RoslynAnalysisRunner has terminated.
Mono: successfully reloaded assembly
- Completed reload, in  1.305 seconds
Platform modules already initialized, skipping
Refreshing native plugins compatible for Editor in 0.39 ms, found 1 plugins.
Preloading 0 native plugins for Editor in 0.00 ms.
Unloading 1809 Unused Serialized files (Serialized files now loaded: 0)
System memory in use before: 87.5 MB.
System memory in use after: 87.4 MB.

Unloading 12 unused Assets to reduce memory usage. Loaded Objects now: 2289.
Total: 2.292700 ms (FindLiveObjects: 0.320700 ms CreateObjectMapping: 0.114700 ms MarkObjects: 1.736000 ms  DeleteObjects: 0.119800 ms)

========================================================================
Received Prepare
Registering precompiled user dll's ...
Registered in 0.008060 seconds.
Begin MonoManager ReloadAssembly
Native extension for WindowsStandalone target not found
Refreshing native plugins compatible for Editor in 0.35 ms, found 1 plugins.
Preloading 0 native plugins for Editor in 0.00 ms.
Invoked RoslynAnalysisRunner static constructor.
RoslynAnalysisRunner will not be running.
RoslynAnalysisRunner has terminated.
Mono: successfully reloaded assembly
- Completed reload, in  1.177 seconds
Platform modules already initialized, skipping
Refreshing native plugins compatible for Editor in 0.36 ms, found 1 plugins.
Preloading 0 native plugins for Editor in 0.00 ms.
Unloading 1809 Unused Serialized files (Serialized files now loaded: 0)
System memory in use before: 87.5 MB.
System memory in use after: 87.5 MB.

Unloading 12 unused Assets to reduce memory usage. Loaded Objects now: 2293.
Total: 2.292400 ms (FindLiveObjects: 0.196100 ms CreateObjectMapping: 0.078400 ms MarkObjects: 1.869400 ms  DeleteObjects: 0.146500 ms)

========================================================================
Received Import Request.
  Time since last request: 399.726361 seconds.
  path: Assets/Sound
  artifactKey: Guid(d944e188d917d664182a2c88f69ea5f3) Importer(815301076,1909f56bfc062723c751e8b465ee728b)
Start importing Assets/Sound using Guid(d944e188d917d664182a2c88f69ea5f3) Importer(815301076,1909f56bfc062723c751e8b465ee728b)  -> (artifact id: 'ea01d733ad921fdca7505db80cae1a6b') in 0.010020 seconds
  Import took 0.034207 seconds .

========================================================================
Received Import Request.
  Time since last request: 73.391746 seconds.
  path: Assets/Sound/bgm.ogg
  artifactKey: Guid(9ea7ddd0a4103ed4cab8f7229b4e686b) Importer(815301076,1909f56bfc062723c751e8b465ee728b)
Start importing Assets/Sound/bgm.ogg using Guid(9ea7ddd0a4103ed4cab8f7229b4e686b) Importer(815301076,1909f56bfc062723c751e8b465ee728b)  -> (artifact id: '662786641b50d4e87ec0e35a20d634e0') in 0.502431 seconds
  Import took 0.523082 seconds .

========================================================================
Received Import Request.
  Time since last request: 0.000335 seconds.
  path: Assets/Sound/bgm2.mp3
  artifactKey: Guid(49c74d258582d4a42a16234c4fc04465) Importer(815301076,1909f56bfc062723c751e8b465ee728b)
Start importing Assets/Sound/bgm2.mp3 using Guid(49c74d258582d4a42a16234c4fc04465) Importer(815301076,1909f56bfc062723c751e8b465ee728b)  -> (artifact id: '978486411b3a3dc08e2c07c9651d7e42') in 0.039607 seconds
  Import took 0.055017 seconds .

========================================================================
Received Prepare
Registering precompiled user dll's ...
Registered in 0.003242 seconds.
Begin MonoManager ReloadAssembly
Native extension for WindowsStandalone target not found
Refreshing native plugins compatible for Editor in 0.42 ms, found 1 plugins.
Preloading 0 native plugins for Editor in 0.00 ms.
Invoked RoslynAnalysisRunner static constructor.
RoslynAnalysisRunner will not be running.
RoslynAnalysisRunner has terminated.
Mono: successfully reloaded assembly
- Completed reload, in  1.273 seconds
Platform modules already initialized, skipping
Refreshing native plugins compatible for Editor in 0.65 ms, found 1 plugins.
Preloading 0 native plugins for Editor in 0.00 ms.
Unloading 1809 Unused Serialized files (Serialized files now loaded: 0)
System memory in use before: 90.6 MB.
System memory in use after: 90.6 MB.

Unloading 12 unused Assets to reduce memory usage. Loaded Objects now: 2306.
Total: 3.328800 ms (FindLiveObjects: 0.373700 ms CreateObjectMapping: 0.105100 ms MarkObjects: 2.649200 ms  DeleteObjects: 0.198800 ms)

========================================================================
Received Prepare
Registering precompiled user dll's ...
Registered in 0.005893 seconds.
Begin MonoManager ReloadAssembly
Native extension for WindowsStandalone target not found
Refreshing native plugins compatible for Editor in 0.35 ms, found 1 plugins.
Preloading 0 native plugins for Editor in 0.00 ms.
Invoked RoslynAnalysisRunner static constructor.
RoslynAnalysisRunner will not be running.
RoslynAnalysisRunner has terminated.
Mono: successfully reloaded assembly
- Completed reload, in  1.776 seconds
Platform modules already initialized, skipping
Refreshing native plugins compatible for Editor in 0.74 ms, found 1 plugins.
Preloading 0 native plugins for Editor in 0.00 ms.
Unloading 1809 Unused Serialized files (Serialized files now loaded: 0)
System memory in use before: 90.6 MB.
System memory in use after: 90.6 MB.

Unloading 12 unused Assets to reduce memory usage. Loaded Objects now: 2310.
Total: 4.609700 ms (FindLiveObjects: 1.252100 ms CreateObjectMapping: 0.143600 ms MarkObjects: 2.938500 ms  DeleteObjects: 0.273400 ms)

========================================================================
Received Import Request.
  Time since last request: 113.712921 seconds.
  path: Assets/sprite/pixil-frame-0 (8).png
  artifactKey: Guid(27cdba2b9efc87f47b147584c50159b8) Importer(815301076,1909f56bfc062723c751e8b465ee728b)
Start importing Assets/sprite/pixil-frame-0 (8).png using Guid(27cdba2b9efc87f47b147584c50159b8) Importer(815301076,1909f56bfc062723c751e8b465ee728b)  -> (artifact id: '1db74dbdf9e087f5088d021ca6b15c28') in 0.122140 seconds
  Import took 0.184264 seconds .

========================================================================
Received Import Request.
  Time since last request: 10.867456 seconds.
  path: Assets/sprite/bambooforest_title.png
  artifactKey: Guid(27cdba2b9efc87f47b147584c50159b8) Importer(815301076,1909f56bfc062723c751e8b465ee728b)
Start importing Assets/sprite/bambooforest_title.png using Guid(27cdba2b9efc87f47b147584c50159b8) Importer(815301076,1909f56bfc062723c751e8b465ee728b)  -> (artifact id: '8bf05a5655571132ca2fd62ff16edaf8') in 0.022886 seconds
  Import took 0.040749 seconds .

========================================================================
Received Prepare
Registering precompiled user dll's ...
Registered in 0.002629 seconds.
Begin MonoManager ReloadAssembly
Native extension for WindowsStandalone target not found
Refreshing native plugins compatible for Editor in 0.49 ms, found 1 plugins.
Preloading 0 native plugins for Editor in 0.00 ms.
Invoked RoslynAnalysisRunner static constructor.
RoslynAnalysisRunner will not be running.
RoslynAnalysisRunner has terminated.
Mono: successfully reloaded assembly
- Completed reload, in  1.065 seconds
Platform modules already initialized, skipping
Refreshing native plugins compatible for Editor in 1.40 ms, found 1 plugins.
Preloading 0 native plugins for Editor in 0.00 ms.
Unloading 1809 Unused Serialized files (Serialized files now loaded: 0)
System memory in use before: 90.6 MB.
System memory in use after: 90.6 MB.

Unloading 12 unused Assets to reduce memory usage. Loaded Objects now: 2317.
Total: 2.441200 ms (FindLiveObjects: 0.288500 ms CreateObjectMapping: 0.086400 ms MarkObjects: 1.926700 ms  DeleteObjects: 0.138100 ms)

========================================================================
Received Prepare
Registering precompiled user dll's ...
Registered in 0.003210 seconds.
Begin MonoManager ReloadAssembly
Native extension for WindowsStandalone target not found
Refreshing native plugins compatible for Editor in 0.38 ms, found 1 plugins.
Preloading 0 native plugins for Editor in 0.00 ms.
Invoked RoslynAnalysisRunner static constructor.
RoslynAnalysisRunner will not be running.
RoslynAnalysisRunner has terminated.
Mono: successfully reloaded assembly
- Completed reload, in  1.116 seconds
Platform modules already initialized, skipping
Refreshing native plugins compatible for Editor in 0.43 ms, found 1 plugins.
Preloading 0 native plugins for Editor in 0.00 ms.
Unloading 1809 Unused Serialized files (Serialized files now loaded: 0)
System memory in use before: 90.7 MB.
System memory in use after: 90.6 MB.

Unloading 12 unused Assets to reduce memory usage. Loaded Objects now: 2321.
Total: 2.109500 ms (FindLiveObjects: 0.216500 ms CreateObjectMapping: 0.085700 ms MarkObjects: 1.684600 ms  DeleteObjects: 0.121400 ms)

AssetImportWorkerClient::OnTransportError - code=2 error=End of file
